MPASM 5.65                      LCD_INIT.ASM   12-12-2016  13:35:04         PAGE  1


LOC  OBJECT CODE     LINE SOURCE TEXT
  VALUE

                      00001 ; ***********************************************************
                      00002 ;   INTESC electronics & embedded
                      00003 ;
                      00004 ;   Curso básico de microcontroladores en ensamblador       
                      00005 ;
                      00006 ;   Práctica 2: Iniciar y escribir un caracter en la LCD
                      00007 ;   Objetivo: Entender la secuencia de inicialización de la LCD
                      00008 ;   y mostrar un caracter en la pantalla
                      00009 ;
                      00010 ;   Fecha: 05/Jun/16
                      00011 ;   Creado por: Daniel Hernández Rodríguez
                      00012 ; ************************************************************
                      00013     
Warning[205]: Found directive in column 1. (LIST)
                      00014 LIST    P = 18F4550     ;PIC a utilizar
Warning[205]: Found directive in column 1. (INCLUDE)
                      00015 INCLUDE <P18F4550.INC>
                      00001         LIST
                      00002 
                      00003 ;==========================================================================
                      00004 ; Build date : Dec 08 2015
                      00005 ;  MPASM PIC18F4550 processor include
                      00006 ; 
                      00007 ;  (c) Copyright 1999-2015 Microchip Technology, All rights reserved
                      00008 ;==========================================================================
                      00009 
                      01765         LIST
                      00016 
                      00017 ;************************************************************
                      00018 ;Configuración de fusibles
Warning[205]: Found directive in column 1. (CONFIG)
                      00019 CONFIG  FOSC = HS   
Warning[205]: Found directive in column 1. (CONFIG)
                      00020 CONFIG  PWRT = ON
Warning[205]: Found directive in column 1. (CONFIG)
                      00021 CONFIG  BOR = OFF
Warning[205]: Found directive in column 1. (CONFIG)
                      00022 CONFIG  WDT = OFF
Warning[205]: Found directive in column 1. (CONFIG)
                      00023 CONFIG  MCLRE = ON
Warning[205]: Found directive in column 1. (CONFIG)
                      00024 CONFIG  PBADEN = OFF
Warning[205]: Found directive in column 1. (CONFIG)
                      00025 CONFIG  LVP = OFF
Warning[205]: Found directive in column 1. (CONFIG)
                      00026 CONFIG  DEBUG = OFF
Warning[205]: Found directive in column 1. (CONFIG)
                      00027 CONFIG  XINST = OFF
                      00028 
                      00029 ;***********************************************************
                      00030 ;Código
                      00031 #define     LCD_EN  PORTD,4     ;Ubicación de pin EN en Miuva
                      00032 #define     LCD_RS  PORTD,5     ;Ubicación de pin RS en Miuva
MPASM 5.65                      LCD_INIT.ASM   12-12-2016  13:35:04         PAGE  2


LOC  OBJECT CODE     LINE SOURCE TEXT
  VALUE

                      00033 
Warning[205]: Found directive in column 1. (CBLOCK)
                      00034 CBLOCK  0x000
  00000000            00035     Ret1        ;Variables para los retardos
  00000001            00036     Ret2
Warning[205]: Found directive in column 1. (ENDC)
                      00037 ENDC
                      00038     
                      00039 ;Código
Warning[205]: Found directive in column 1. (ORG)
                      00040 ORG 0x0000          ;Vector de reset
000000 EF?? F???      00041     GOTO START
                      00042     
000004                00043 START
000004 0E00           00044     movlw   0x00    ;Puerto D como salida
000006 6E95           00045     movwf   TRISD
                      00046     
                      00047 ;*****************************************************************************;
                      00048 ;Ejemplo de envío de instrucción                                              ;
                      00049 ;                                                                             ;
                      00050 ;   RS      _________________________   1: DATOS | 0: INSTRUCCIONES           ;
                      00051 ;                                                                             ;   
                      00052 ;   RW      _________________________   1: LECTURA  |   0: ESCRITURA          ;
                      00053 ;                 ___      ___                                                ;
                      00054 ;   EN      _____/   \____/   \______   LEE EN FLANCOS DE BAJADA              ;
                      00055 ;                                                                             ;
                      00056 ;           _________________________                                         ;
                      00057 ;   D7:D4   ___/_4 MSB_\/_4_LSB_\____   PARA ENVIAR LOS 8 BITS DE INSTRUCCION ;
                      00058 ;                                       PRIMERO SE ENVIAN LOS 4 MÁS           ;
                      00059 ;                                       SIGNIFICATIVOS Y POSTERIORMENTE LOS   ;
                      00060 ;                                       4 MENOS SIGNIFICATIVOS                ;
                      00061 ;                                                                             ;
                      00062 ;*****************************************************************************;
                      00063 ;Se carga D7:D4 de la LCD en los bits D3:D0 de Miuva    
                      00064 ;INICIALIZACIÓN
000008 9883           00065     bcf     LCD_EN
00000A EC?? F???      00066     call    retardo15ms
00000E 9A83           00067     bcf     LCD_RS
                      00068     ;Inicia secuencia de inicialización
                      00069     ;Función set
000010 0E03           00070     movlw   b'00000011' 
000012 6E83           00071     movwf   PORTD       
000014 8883           00072     bsf     LCD_EN
000016 EC?? F???      00073     call    retardo100us
00001A 9883           00074     bcf     LCD_EN
00001C EC?? F???      00075     call    retardo4_1ms
                      00076     
                      00077     ;Función set
000020 0E03           00078     movlw   b'00000011'
000022 6E83           00079     movwf   PORTD
000024 8883           00080     bsf     LCD_EN
000026 EC?? F???      00081     call    retardo100us
00002A 9883           00082     bcf LCD_EN
MPASM 5.65                      LCD_INIT.ASM   12-12-2016  13:35:04         PAGE  3


LOC  OBJECT CODE     LINE SOURCE TEXT
  VALUE

00002C EC?? F???      00083     call    retardo100us
                      00084     
                      00085     ;Función set
000030 0E03           00086     movlw   b'00000011'
000032 6E83           00087     movwf   PORTD
000034 8883           00088     bsf     LCD_EN
000036 EC?? F???      00089     call    retardo100us
00003A 9883           00090     bcf LCD_EN
00003C EC?? F???      00091     call    retardo4_1ms
                      00092     
                      00093     ;Función set
000040 0E02           00094     movlw   b'00000010'
000042 6E83           00095     movwf   PORTD
000044 8883           00096     bsf     LCD_EN
000046 EC?? F???      00097     call    retardo100us
00004A 9883           00098     bcf LCD_EN
00004C EC?? F???      00099     call    retardo4_1ms
                      00100     
                      00101     ;Función set en configuración de 4 bits
000050 0E02           00102     movlw   b'00000010' 
000052 6E83           00103     movwf   PORTD       
000054 8883           00104     bsf     LCD_EN
000056 EC?? F???      00105     call    retardo100us
00005A 9883           00106     bcf     LCD_EN
00005C EC?? F???      00107     call    retardo4_1ms
000060 0E0E           00108     movlw   b'00001110'
000062 6E83           00109     movwf   PORTD
000064 8883           00110     bsf     LCD_EN
000066 EC?? F???      00111     call    retardo100us
00006A 9883           00112     bcf     LCD_EN
00006C EC?? F???      00113     call    retardo4_1ms
                      00114     
                      00115     ;Función DISPLAY OFF
000070 0E00           00116     movlw   b'00000000' ;MSB Funcion display
000072 6E83           00117     movwf   PORTD
000074 8883           00118     bsf     LCD_EN
000076 EC?? F???      00119     call    retardo100us
00007A 9883           00120     bcf     LCD_EN      
00007C EC?? F???      00121     call    retardo4_1ms
000080 0E08           00122     movlw   b'00001000' ;LSB Funcion display
000082 6E83           00123     movwf   PORTD
000084 8883           00124     bsf     LCD_EN
000086 EC?? F???      00125     call    retardo100us
00008A 9883           00126     bcf     LCD_EN      
00008C EC?? F???      00127     call    retardo4_1ms
                      00128     
                      00129     ;Funcion DISPLAY CLEAR
000090 0E00           00130     movlw   b'00000000' ;MSB Funcion clear
000092 6E83           00131     movwf   PORTD
000094 8883           00132     bsf     LCD_EN
000096 EC?? F???      00133     call    retardo100us
00009A 9883           00134     bcf     LCD_EN      
00009C EC?? F???      00135     call    retardo4_1ms
MPASM 5.65                      LCD_INIT.ASM   12-12-2016  13:35:04         PAGE  4


LOC  OBJECT CODE     LINE SOURCE TEXT
  VALUE

0000A0 0E01           00136     movlw   b'00000001' ;LSB Funcion clear
0000A2 6E83           00137     movwf   PORTD
0000A4 8883           00138     bsf     LCD_EN
0000A6 EC?? F???      00139     call    retardo100us
0000AA 9883           00140     bcf     LCD_EN      
0000AC EC?? F???      00141     call    retardo4_1ms
                      00142     
                      00143     ;Funcion ENTRY MODE SET
0000B0 0E00           00144     movlw   b'00000000' ;MSB Funcion mode set
0000B2 6E83           00145     movwf   PORTD
0000B4 8883           00146     bsf     LCD_EN
0000B6 EC?? F???      00147     call    retardo100us
0000BA 9883           00148     bcf     LCD_EN      
0000BC EC?? F???      00149     call    retardo4_1ms
0000C0 0E06           00150     movlw   b'00000110' ;LSB Funcion mode set
0000C2 6E83           00151     movwf   PORTD
0000C4 8883           00152     bsf     LCD_EN
0000C6 EC?? F???      00153     call    retardo100us
0000CA 9883           00154     bcf     LCD_EN      
0000CC EC?? F???      00155     call    retardo4_1ms
                      00156     
                      00157     ;Función DDRAM ACCESS
0000D0 0E08           00158     movlw   b'00001000' ;MSB Funcion mode set
0000D2 6E83           00159     movwf   PORTD
0000D4 8883           00160     bsf     LCD_EN
0000D6 EC?? F???      00161     call    retardo100us
0000DA 9883           00162     bcf     LCD_EN      
0000DC EC?? F???      00163     call    retardo4_1ms
0000E0 0E00           00164     movlw   b'00000000' ;LSB Funcion mode set
0000E2 6E83           00165     movwf   PORTD
0000E4 8883           00166     bsf     LCD_EN
0000E6 EC?? F???      00167     call    retardo100us
0000EA 9883           00168     bcf     LCD_EN      
0000EC EC?? F???      00169     call    retardo4_1ms
                      00170     
                      00171     ;Función DISPLAY ON
0000F0 0E00           00172     movlw   b'00000000' ;MSB Display ON
0000F2 6E83           00173     movwf   PORTD
0000F4 8883           00174     bsf     LCD_EN
0000F6 EC?? F???      00175     call    retardo100us
0000FA 9883           00176     bcf     LCD_EN      
0000FC EC?? F???      00177     call    retardo4_1ms
000100 0E0C           00178     movlw   b'00001100' ;LSB Display ON
000102 6E83           00179     movwf   PORTD
000104 8883           00180     bsf     LCD_EN
000106 EC?? F???      00181     call    retardo100us
00010A 9883           00182     bcf     LCD_EN      
00010C EC?? F???      00183     call    retardo4_1ms
                      00184     
                      00185 
                      00186     ;MANDAR LETRA I
000110 8A83           00187     bsf     LCD_RS
000112 0E24           00188     movlw   b'00100100'
MPASM 5.65                      LCD_INIT.ASM   12-12-2016  13:35:04         PAGE  5


LOC  OBJECT CODE     LINE SOURCE TEXT
  VALUE

000114 6E83           00189     movwf   PORTD
000116 8883           00190     bsf     LCD_EN
000118 EC?? F???      00191     call    retardo100us
00011C 9883           00192     bcf     LCD_EN
00011E EC?? F???      00193     call    retardo4_1ms
000122 0E29           00194     movlw   b'00101001'
000124 6E83           00195     movwf   PORTD
000126 8883           00196     bsf     LCD_EN
000128 EC?? F???      00197     call    retardo100us
00012C 9883           00198     bcf     LCD_EN
00012E EC?? F???      00199     call    retardo4_1ms
                      00200     
                      00201     
Warning[207]: Found label after column 1. (BUCLE)
000132                00202     BUCLE
000132 EF?? F???      00203     goto    BUCLE
                      00204     
                      00205     ;FUNCIONES PARA LOS RETARDOS A DIFERENTES TIEMPOS
Warning[207]: Found label after column 1. (retardo15ms)
000136                00206     retardo15ms
000136 0EFF           00207     movlw   D'255'
000138 6E00           00208     movwf   Ret1
00013A 0E28           00209     movlw   D'40'
00013C 6E01           00210     movwf   Ret2
Warning[207]: Found label after column 1. (retardo15msINICIO)
00013E                00211     retardo15msINICIO
00013E 2E00           00212     decfsz  Ret1, F
000140 EF?? F???      00213     goto    retardo15msINICIO
000144 2E01           00214     decfsz  Ret2,   F
000146 EF?? F???      00215     goto    retardo15msINICIO
00014A 0012           00216     return
                      00217     
Warning[207]: Found label after column 1. (retardo40ms)
00014C                00218     retardo40ms
00014C 0EFF           00219     movlw   D'255'
00014E 6E00           00220     movwf   Ret1
000150 0E69           00221     movlw   D'105'
000152 6E01           00222     movwf   Ret2
Warning[207]: Found label after column 1. (retardo40msINICIO)
000154                00223     retardo40msINICIO
000154 2E00           00224     decfsz  Ret1, F
000156 EF?? F???      00225     goto    retardo40msINICIO
00015A 2E01           00226     decfsz  Ret2, F
00015C EF?? F???      00227     goto    retardo40msINICIO
000160 0012           00228     return
                      00229     
Warning[207]: Found label after column 1. (retardo5ms)
000162                00230     retardo5ms
000162 0EFF           00231     movlw   D'255'
000164 6E00           00232     movwf   Ret1
000166 0E0E           00233     movlw   D'14'
000168 6E01           00234     movwf   Ret2
Warning[207]: Found label after column 1. (retardo5msINICIO)
MPASM 5.65                      LCD_INIT.ASM   12-12-2016  13:35:04         PAGE  6


LOC  OBJECT CODE     LINE SOURCE TEXT
  VALUE

00016A                00235     retardo5msINICIO
00016A 2E00           00236     decfsz  Ret1, F
00016C EF?? F???      00237     goto    retardo5msINICIO
000170 2E01           00238     decfsz  Ret2, F
000172 EF?? F???      00239     goto    retardo5msINICIO
000176 0012           00240     return
                      00241     
Warning[207]: Found label after column 1. (retardo4_1ms)
000178                00242     retardo4_1ms
000178 0EFF           00243     movlw   D'255'
00017A 6E00           00244     movwf   Ret1
00017C 0E0B           00245     movlw   D'11'
00017E 6E01           00246     movwf   Ret2
Warning[207]: Found label after column 1. (retardo4_1msINICIO)
000180                00247     retardo4_1msINICIO
000180 2E00           00248     decfsz  Ret1, F
000182 EF?? F???      00249     goto    retardo4_1msINICIO
000186 2E01           00250     decfsz  Ret2, F
000188 EF?? F???      00251     goto    retardo4_1msINICIO
00018C 0012           00252     return
                      00253     
Warning[207]: Found label after column 1. (retardo100us)
00018E                00254     retardo100us
00018E 0E43           00255     movlw   D'67'
000190 6E00           00256     movwf   Ret1
Warning[207]: Found label after column 1. (retardo100usINICIO)
000192                00257     retardo100usINICIO
000192 2E00           00258     decfsz  Ret1, F
000194 EF?? F???      00259     goto    retardo100usINICIO
000198 0012           00260     return
                      00261     
Warning[207]: Found label after column 1. (retardo40us)
00019A                00262     retardo40us
00019A 0E1B           00263     movlw   D'27'
00019C 6E00           00264     movwf   Ret1
Warning[207]: Found label after column 1. (retardo40usINICIO)
00019E                00265     retardo40usINICIO
00019E 2E00           00266     decfsz  Ret1, F
0001A0 EF?? F???      00267     goto    retardo40usINICIO
0001A4 0012           00268     return
                      00269 
                      00270     
                      00271     END
MPASM 5.65                      LCD_INIT.ASM   12-12-2016  13:35:04         PAGE  7


SYMBOL TABLE
  LABEL                             VALUE 

A                                 00000000
ABDEN                             00000000
ABDOVF                            00000007
ACCESS                            00000000
ACKDT                             00000005
ACKEN                             00000004
ACKSTAT                           00000006
ACQT0                             00000003
ACQT1                             00000004
ACQT2                             00000005
ACTVIE                            00000002
ACTVIF                            00000002
ADCON0                            00000FC2
ADCON1                            00000FC1
ADCON2                            00000FC0
ADCS0                             00000000
ADCS1                             00000001
ADCS2                             00000002
ADDEN                             00000003
ADDR0                             00000000
ADDR1                             00000001
ADDR2                             00000002
ADDR3                             00000003
ADDR4                             00000004
ADDR5                             00000005
ADDR6                             00000006
ADEN                              00000003
ADFM                              00000007
ADIE                              00000006
ADIF                              00000006
ADIP                              00000006
ADON                              00000000
ADRES                             00000FC3
ADRESH                            00000FC4
ADRESL                            00000FC3
AN0                               00000000
AN1                               00000001
AN2                               00000002
AN3                               00000003
AN4                               00000005
BANKED                            00000001
BAUDCON                           00000FB8
BAUDCTL                           00000FB8
BCLIE                             00000003
BCLIF                             00000003
BCLIP                             00000003
BF                                00000000
BGST                              00000005
BOR                               00000000
BRG16                             00000003
BRGH                              00000002
BSR                               00000FE0
BTOEE                             00000004
MPASM 5.65                      LCD_INIT.ASM   12-12-2016  13:35:04         PAGE  8


SYMBOL TABLE
  LABEL                             VALUE 

BTOEF                             00000004
BTSEE                             00000007
BTSEF                             00000007
BUCLE                             00000132
C                                 00000000
C1INV                             00000004
C1OUT                             00000006
C2INV                             00000005
C2OUT                             00000007
CCP1                              00000002
CCP1AS                            00000FB6
CCP1CON                           00000FBD
CCP1DEL                           00000FB7
CCP1IE                            00000002
CCP1IF                            00000002
CCP1IP                            00000002
CCP1M0                            00000000
CCP1M1                            00000001
CCP1M2                            00000002
CCP1M3                            00000003
CCP2CON                           00000FBA
CCP2IE                            00000000
CCP2IF                            00000000
CCP2IP                            00000000
CCP2M0                            00000000
CCP2M1                            00000001
CCP2M2                            00000002
CCP2M3                            00000003
CCPR1                             00000FBE
CCPR1H                            00000FBF
CCPR1L                            00000FBE
CCPR2                             00000FBB
CCPR2H                            00000FBC
CCPR2L                            00000FBB
CFGS                              00000006
CHS0                              00000002
CHS1                              00000003
CHS2                              00000004
CHS3                              00000005
CIS                               00000003
CK                                00000006
CK1SPP                            00000000
CK2SPP                            00000001
CKE                               00000006
CKP                               00000004
CLK1EN                            00000004
CLKCFG0                           00000006
CLKCFG1                           00000007
CM0                               00000000
CM1                               00000001
CM2                               00000002
CMCON                             00000FB4
CMIE                              00000006
MPASM 5.65                      LCD_INIT.ASM   12-12-2016  13:35:04         PAGE  9


SYMBOL TABLE
  LABEL                             VALUE 

CMIF                              00000006
CMIP                              00000006
CRC16EE                           00000002
CRC16EF                           00000002
CRC5EE                            00000001
CRC5EF                            00000001
CREN                              00000004
CSEN                              00000005
CSRC                              00000007
CVR0                              00000000
CVR1                              00000001
CVR2                              00000002
CVR3                              00000003
CVRCON                            00000FB5
CVREF                             00000004
CVREN                             00000007
CVROE                             00000006
CVRR                              00000005
CVRSS                             00000004
D                                 00000005
DATA_ADDRESS                      00000005
DC                                00000001
DC1B0                             00000004
DC1B1                             00000005
DC2B0                             00000004
DC2B1                             00000005
DDRA                              TRISA
DDRB                              TRISB
DDRC                              TRISC
DDRD                              TRISD
DDRE                              TRISE
DFN8EE                            00000003
DFN8EF                            00000003
DIR                               00000002
DONE                              00000001
D_A                               00000005
D_NOT_A                           00000005
ECCP1AS                           00000FB6
ECCP1CON                          00000FBD
ECCP1DEL                          00000FB7
ECCPAS0                           00000004
ECCPAS1                           00000005
ECCPAS2                           00000006
ECCPASE                           00000007
EEADR                             00000FA9
EECON1                            00000FA6
EECON2                            00000FA7
EEDATA                            00000FA8
EEIE                              00000004
EEIF                              00000004
EEIP                              00000004
EEPGD                             00000007
ENDP0                             00000003
MPASM 5.65                      LCD_INIT.ASM   12-12-2016  13:35:04         PAGE 10


SYMBOL TABLE
  LABEL                             VALUE 

ENDP1                             00000004
ENDP2                             00000005
ENDP3                             00000006
EPCONDIS                          00000003
EPHSHK                            00000004
EPINEN                            00000001
EPOUTEN                           00000002
EPSTALL                           00000000
FAST                              00000001
FERR                              00000002
FLTS                              00000002
FREE                              00000004
FRM0                              00000000
FRM1                              00000001
FRM10                             00000002
FRM2                              00000002
FRM3                              00000003
FRM4                              00000004
FRM5                              00000005
FRM6                              00000006
FRM7                              00000007
FRM8                              00000000
FRM9                              00000001
FSEN                              00000002
FSR0                              00000000
FSR0H                             00000FEA
FSR0L                             00000FE9
FSR1                              00000001
FSR1H                             00000FE2
FSR1L                             00000FE1
FSR2                              00000002
FSR2H                             00000FDA
FSR2L                             00000FD9
GCEN                              00000007
GIE                               00000007
GIEH                              00000007
GIEL                              00000006
GIE_GIEH                          00000007
GO                                00000001
GO_DONE                           00000001
GO_NOT_DONE                       00000001
HLVDCON                           00000FD2
HLVDEN                            00000004
HLVDIE                            00000002
HLVDIF                            00000002
HLVDIN                            00000005
HLVDIP                            00000002
HLVDL0                            00000000
HLVDL1                            00000001
HLVDL2                            00000002
HLVDL3                            00000003
I2C_DAT                           00000005
I2C_READ                          00000002
MPASM 5.65                      LCD_INIT.ASM   12-12-2016  13:35:04         PAGE 11


SYMBOL TABLE
  LABEL                             VALUE 

I2C_START                         00000003
I2C_STOP                          00000004
IDLEIE                            00000004
IDLEIF                            00000004
IDLEN                             00000007
INDF0                             00000FEF
INDF1                             00000FE7
INDF2                             00000FDF
INT0                              00000000
INT0E                             00000004
INT0F                             00000001
INT0IE                            00000004
INT0IF                            00000001
INT1                              00000001
INT1E                             00000003
INT1F                             00000000
INT1IE                            00000003
INT1IF                            00000000
INT1IP                            00000006
INT1P                             00000006
INT2                              00000002
INT2E                             00000004
INT2F                             00000001
INT2IE                            00000004
INT2IF                            00000001
INT2IP                            00000007
INT2P                             00000007
INTCON                            00000FF2
INTCON2                           00000FF1
INTCON3                           00000FF0
INTEDG0                           00000006
INTEDG1                           00000005
INTEDG2                           00000004
INTSRC                            00000007
IOFS                              00000002
IPEN                              00000007
IPR1                              00000F9F
IPR2                              00000FA2
IRCF0                             00000004
IRCF1                             00000005
IRCF2                             00000006
IRVST                             00000005
IVRST                             00000005
LATA                              00000F89
LATA0                             00000000
LATA1                             00000001
LATA2                             00000002
LATA3                             00000003
LATA4                             00000004
LATA5                             00000005
LATA6                             00000006
LATB                              00000F8A
LATB0                             00000000
MPASM 5.65                      LCD_INIT.ASM   12-12-2016  13:35:04         PAGE 12


SYMBOL TABLE
  LABEL                             VALUE 

LATB1                             00000001
LATB2                             00000002
LATB3                             00000003
LATB4                             00000004
LATB5                             00000005
LATB6                             00000006
LATB7                             00000007
LATC                              00000F8B
LATC0                             00000000
LATC1                             00000001
LATC2                             00000002
LATC6                             00000006
LATC7                             00000007
LATD                              00000F8C
LATD0                             00000000
LATD1                             00000001
LATD2                             00000002
LATD3                             00000003
LATD4                             00000004
LATD5                             00000005
LATD6                             00000006
LATD7                             00000007
LATE                              00000F8D
LATE0                             00000000
LATE1                             00000001
LATE2                             00000002
LCD_EN                            PORTD,4
LCD_RS                            PORTD,5
LVDCON                            00000FD2
LVDEN                             00000004
LVDIE                             00000002
LVDIF                             00000002
LVDIN                             00000005
LVDIP                             00000002
LVDL0                             00000000
LVDL1                             00000001
LVDL2                             00000002
LVDL3                             00000003
LVV0                              00000000
LVV1                              00000001
LVV2                              00000002
LVV3                              00000003
N                                 00000004
NOT_A                             00000005
NOT_ADDRESS                       00000005
NOT_BOR                           00000000
NOT_DONE                          00000001
NOT_IPEN                          00000007
NOT_PD                            00000002
NOT_POR                           00000001
NOT_RBPU                          00000007
NOT_RI                            00000004
NOT_T1SYNC                        00000002
MPASM 5.65                      LCD_INIT.ASM   12-12-2016  13:35:04         PAGE 13


SYMBOL TABLE
  LABEL                             VALUE 

NOT_T3SYNC                        00000002
NOT_TO                            00000003
NOT_W                             00000002
NOT_WRITE                         00000002
OERR                              00000001
OESPP                             00000002
OSC2                              00000006
OSCCON                            00000FD3
OSCFIE                            00000007
OSCFIF                            00000007
OSCFIP                            00000007
OSCTUNE                           00000F9B
OSTS                              00000003
OV                                00000003
P                                 00000004
P1A                               00000002
P1M0                              00000006
P1M1                              00000007
PC                                00000FF9
PCFG0                             00000000
PCFG1                             00000001
PCFG2                             00000002
PCFG3                             00000003
PCL                               00000FF9
PCLATH                            00000FFA
PCLATU                            00000FFB
PD                                00000002
PDC0                              00000000
PDC1                              00000001
PDC2                              00000002
PDC3                              00000003
PDC4                              00000004
PDC5                              00000005
PDC6                              00000006
PEIE                              00000006
PEIE_GIEL                         00000006
PEN                               00000002
PGC                               00000006
PGD                               00000007
PGM                               00000005
PIDEE                             00000000
PIDEF                             00000000
PIE1                              00000F9D
PIE2                              00000FA0
PIR1                              00000F9E
PIR2                              00000FA1
PKTDIS                            00000004
PLUSW0                            00000FEB
PLUSW1                            00000FE3
PLUSW2                            00000FDB
POR                               00000001
PORTA                             00000F80
PORTB                             00000F81
MPASM 5.65                      LCD_INIT.ASM   12-12-2016  13:35:04         PAGE 14


SYMBOL TABLE
  LABEL                             VALUE 

PORTC                             00000F82
PORTD                             00000F83
PORTE                             00000F84
POSTDEC0                          00000FED
POSTDEC1                          00000FE5
POSTDEC2                          00000FDD
POSTINC0                          00000FEE
POSTINC1                          00000FE6
POSTINC2                          00000FDE
PPB0                              00000000
PPB1                              00000001
PPBI                              00000001
PPBRST                            00000006
PR2                               00000FCB
PREINC0                           00000FEC
PREINC1                           00000FE4
PREINC2                           00000FDC
PROD                              00000FF3
PRODH                             00000FF4
PRODL                             00000FF3
PRSEN                             00000007
PSA                               00000003
PSSAC0                            00000002
PSSAC1                            00000003
PSSBD0                            00000000
PSSBD1                            00000001
R                                 00000002
RA0                               00000000
RA1                               00000001
RA2                               00000002
RA3                               00000003
RA4                               00000004
RA5                               00000005
RA6                               00000006
RB0                               00000000
RB1                               00000001
RB2                               00000002
RB3                               00000003
RB4                               00000004
RB5                               00000005
RB6                               00000006
RB7                               00000007
RBIE                              00000003
RBIF                              00000000
RBIP                              00000000
RBPU                              00000007
RC0                               00000000
RC1                               00000001
RC2                               00000002
RC4                               00000004
RC5                               00000005
RC6                               00000006
RC7                               00000007
MPASM 5.65                      LCD_INIT.ASM   12-12-2016  13:35:04         PAGE 15


SYMBOL TABLE
  LABEL                             VALUE 

RCEN                              00000003
RCIDL                             00000006
RCIE                              00000005
RCIF                              00000005
RCIP                              00000005
RCMT                              00000006
RCON                              00000FD0
RCREG                             00000FAE
RCSTA                             00000FAB
RD                                00000000
RD0                               00000000
RD1                               00000001
RD16                              00000007
RD2                               00000002
RD3                               00000003
RD4                               00000004
RD5                               00000005
RD6                               00000006
RD7                               00000007
RDPU                              00000007
RDSPP                             00000007
RE0                               00000000
RE1                               00000001
RE2                               00000002
RE3                               00000003
READ_WRITE                        00000002
RESUME                            00000002
RI                                00000004
RSEN                              00000001
RX                                00000007
RX9                               00000006
RX9D                              00000000
RXDTP                             00000005
R_NOT_W                           00000002
R_W                               00000002
Ret1                              00000000
Ret2                              00000001
S                                 00000003
SBOREN                            00000006
SCKP                              00000004
SCS0                              00000000
SCS1                              00000001
SE0                               00000005
SEN                               00000000
SENDB                             00000003
SMP                               00000007
SOFIE                             00000006
SOFIF                             00000006
SPBRG                             00000FAF
SPBRGH                            00000FB0
SPEN                              00000007
SPP0                              00000000
SPP1                              00000001
MPASM 5.65                      LCD_INIT.ASM   12-12-2016  13:35:04         PAGE 16


SYMBOL TABLE
  LABEL                             VALUE 

SPP2                              00000002
SPP3                              00000003
SPP4                              00000004
SPP5                              00000005
SPP6                              00000006
SPP7                              00000007
SPPBUSY                           00000004
SPPCFG                            00000F63
SPPCON                            00000F65
SPPDATA                           00000F62
SPPEN                             00000000
SPPEPS                            00000F64
SPPIE                             00000007
SPPIF                             00000007
SPPIP                             00000007
SPPOWN                            00000001
SREN                              00000005
SSPADD                            00000FC8
SSPBUF                            00000FC9
SSPCON1                           00000FC6
SSPCON2                           00000FC5
SSPEN                             00000005
SSPIE                             00000003
SSPIF                             00000003
SSPIP                             00000003
SSPM0                             00000000
SSPM1                             00000001
SSPM2                             00000002
SSPM3                             00000003
SSPOV                             00000006
SSPSTAT                           00000FC7
STALLIE                           00000005
STALLIF                           00000005
START                             00000004
STATUS                            00000FD8
STKFUL                            00000007
STKOVF                            00000007
STKPTR                            00000FFC
STKPTR0                           00000000
STKPTR1                           00000001
STKPTR2                           00000002
STKPTR3                           00000003
STKPTR4                           00000004
STKUNF                            00000006
SUSPND                            00000001
SWDTE                             00000000
SWDTEN                            00000000
SYNC                              00000004
T08BIT                            00000006
T0CKI                             00000004
T0CON                             00000FD5
T0CS                              00000005
T0IE                              00000005
MPASM 5.65                      LCD_INIT.ASM   12-12-2016  13:35:04         PAGE 17


SYMBOL TABLE
  LABEL                             VALUE 

T0IF                              00000002
T0IP                              00000002
T0PS0                             00000000
T0PS1                             00000001
T0PS2                             00000002
T0SE                              00000004
T13CKI                            00000000
T1CKPS0                           00000004
T1CKPS1                           00000005
T1CON                             00000FCD
T1OSCEN                           00000003
T1OSI                             00000001
T1OSO                             00000000
T1RUN                             00000006
T1SYNC                            00000002
T2CKPS0                           00000000
T2CKPS1                           00000001
T2CON                             00000FCA
T2OUTPS0                          00000003
T2OUTPS1                          00000004
T2OUTPS2                          00000005
T2OUTPS3                          00000006
T3CCP1                            00000003
T3CCP2                            00000006
T3CKPS0                           00000004
T3CKPS1                           00000005
T3CON                             00000FB1
T3NSYNC                           00000002
T3SYNC                            00000002
TABLAT                            00000FF5
TBLPTR                            00000FF6
TBLPTRH                           00000FF7
TBLPTRL                           00000FF6
TBLPTRU                           00000FF8
TMR0                              00000FD6
TMR0H                             00000FD7
TMR0IE                            00000005
TMR0IF                            00000002
TMR0IP                            00000002
TMR0L                             00000FD6
TMR0ON                            00000007
TMR1                              00000FCE
TMR1CS                            00000001
TMR1H                             00000FCF
TMR1IE                            00000000
TMR1IF                            00000000
TMR1IP                            00000000
TMR1L                             00000FCE
TMR1ON                            00000000
TMR2                              00000FCC
TMR2IE                            00000001
TMR2IF                            00000001
TMR2IP                            00000001
MPASM 5.65                      LCD_INIT.ASM   12-12-2016  13:35:04         PAGE 18


SYMBOL TABLE
  LABEL                             VALUE 

TMR2ON                            00000002
TMR3                              00000FB2
TMR3CS                            00000001
TMR3H                             00000FB3
TMR3IE                            00000001
TMR3IF                            00000001
TMR3IP                            00000001
TMR3L                             00000FB2
TMR3ON                            00000000
TO                                00000003
TOS                               00000FFD
TOSH                              00000FFE
TOSL                              00000FFD
TOSU                              00000FFF
TOUTPS0                           00000003
TOUTPS1                           00000004
TOUTPS2                           00000005
TOUTPS3                           00000006
TRISA                             00000F92
TRISA0                            00000000
TRISA1                            00000001
TRISA2                            00000002
TRISA3                            00000003
TRISA4                            00000004
TRISA5                            00000005
TRISA6                            00000006
TRISB                             00000F93
TRISB0                            00000000
TRISB1                            00000001
TRISB2                            00000002
TRISB3                            00000003
TRISB4                            00000004
TRISB5                            00000005
TRISB6                            00000006
TRISB7                            00000007
TRISC                             00000F94
TRISC0                            00000000
TRISC1                            00000001
TRISC2                            00000002
TRISC6                            00000006
TRISC7                            00000007
TRISD                             00000F95
TRISD0                            00000000
TRISD1                            00000001
TRISD2                            00000002
TRISD3                            00000003
TRISD4                            00000004
TRISD5                            00000005
TRISD6                            00000006
TRISD7                            00000007
TRISE                             00000F96
TRISE0                            00000000
TRISE1                            00000001
MPASM 5.65                      LCD_INIT.ASM   12-12-2016  13:35:04         PAGE 19


SYMBOL TABLE
  LABEL                             VALUE 

TRISE2                            00000002
TRMT                              00000001
TRNIE                             00000003
TRNIF                             00000003
TUN0                              00000000
TUN1                              00000001
TUN2                              00000002
TUN3                              00000003
TUN4                              00000004
TX                                00000006
TX9                               00000006
TX9D                              00000000
TXCKP                             00000004
TXEN                              00000005
TXIE                              00000004
TXIF                              00000004
TXIP                              00000004
TXREG                             00000FAD
TXSTA                             00000FAC
UA                                00000001
UADDR                             00000F6E
UCFG                              00000F6F
UCON                              00000F6D
UEIE                              00000F6B
UEIR                              00000F6A
UEP0                              00000F70
UEP1                              00000F71
UEP10                             00000F7A
UEP11                             00000F7B
UEP12                             00000F7C
UEP13                             00000F7D
UEP14                             00000F7E
UEP15                             00000F7F
UEP2                              00000F72
UEP3                              00000F73
UEP4                              00000F74
UEP5                              00000F75
UEP6                              00000F76
UEP7                              00000F77
UEP8                              00000F78
UEP9                              00000F79
UERRIE                            00000001
UERRIF                            00000001
UFRM                              00000F66
UFRMH                             00000F67
UFRML                             00000F66
UIE                               00000F69
UIR                               00000F68
UOEMON                            00000006
UPUEN                             00000004
URSTIE                            00000000
URSTIF                            00000000
USBEN                             00000003
MPASM 5.65                      LCD_INIT.ASM   12-12-2016  13:35:04         PAGE 20


SYMBOL TABLE
  LABEL                             VALUE 

USBIE                             00000005
USBIF                             00000005
USBIP                             00000005
USTAT                             00000F6C
UTEYE                             00000007
UTRDIS                            00000003
VCFG0                             00000004
VCFG1                             00000005
VDIRMAG                           00000007
VREFM                             00000002
VREFP                             00000003
W                                 00000000
WCOL                              00000007
WDTCON                            00000FD1
WR                                00000001
WREG                              00000FE8
WREN                              00000002
WRERR                             00000003
WRSPP                             00000006
WS0                               00000000
WS1                               00000001
WS2                               00000002
WS3                               00000003
WUE                               00000001
Z                                 00000002
_BORV_0_2L                        000000E7
_BORV_1_2L                        000000EF
_BORV_2_2L                        000000F7
_BORV_3_2L                        000000FF
_BOR_OFF_2L                       000000F9
_BOR_ON_2L                        000000FF
_BOR_ON_ACTIVE_2L                 000000FD
_BOR_SOFT_2L                      000000FB
_CCP2MX_OFF_3H                    000000FE
_CCP2MX_ON_3H                     000000FF
_CONFIG1H                         00300001
_CONFIG1L                         00300000
_CONFIG2H                         00300003
_CONFIG2L                         00300002
_CONFIG3H                         00300005
_CONFIG4L                         00300006
_CONFIG5H                         00300009
_CONFIG5L                         00300008
_CONFIG6H                         0030000B
_CONFIG6L                         0030000A
_CONFIG7H                         0030000D
_CONFIG7L                         0030000C
_CP0_OFF_5L                       000000FF
_CP0_ON_5L                        000000FE
_CP1_OFF_5L                       000000FF
_CP1_ON_5L                        000000FD
_CP2_OFF_5L                       000000FF
_CP2_ON_5L                        000000FB
MPASM 5.65                      LCD_INIT.ASM   12-12-2016  13:35:04         PAGE 21


SYMBOL TABLE
  LABEL                             VALUE 

_CP3_OFF_5L                       000000FF
_CP3_ON_5L                        000000F7
_CPB_OFF_5H                       000000FF
_CPB_ON_5H                        000000BF
_CPD_OFF_5H                       000000FF
_CPD_ON_5H                        0000007F
_CPUDIV_OSC1_PLL2_1L              000000E7
_CPUDIV_OSC2_PLL3_1L              000000EF
_CPUDIV_OSC3_PLL4_1L              000000F7
_CPUDIV_OSC4_PLL6_1L              000000FF
_DEBUG_OFF_4L                     000000FF
_DEBUG_ON_4L                      0000007F
_DEVID1                           003FFFFE
_DEVID2                           003FFFFF
_EBTR0_OFF_7L                     000000FF
_EBTR0_ON_7L                      000000FE
_EBTR1_OFF_7L                     000000FF
_EBTR1_ON_7L                      000000FD
_EBTR2_OFF_7L                     000000FF
_EBTR2_ON_7L                      000000FB
_EBTR3_OFF_7L                     000000FF
_EBTR3_ON_7L                      000000F7
_EBTRB_OFF_7H                     000000FF
_EBTRB_ON_7H                      000000BF
_FCMEN_OFF_1H                     000000BF
_FCMEN_ON_1H                      000000FF
_FOSC_ECIO_EC_1H                  000000F4
_FOSC_ECPLLIO_EC_1H               000000F6
_FOSC_ECPLL_EC_1H                 000000F7
_FOSC_EC_EC_1H                    000000F5
_FOSC_HSPLL_HS_1H                 000000FE
_FOSC_HS_1H                       000000FC
_FOSC_INTOSCIO_EC_1H              000000F8
_FOSC_INTOSC_EC_1H                000000F9
_FOSC_INTOSC_HS_1H                000000FB
_FOSC_INTOSC_XT_1H                000000FA
_FOSC_XTPLL_XT_1H                 000000F2
_FOSC_XT_XT_1H                    000000F0
_ICPRT_OFF_4L                     000000DF
_ICPRT_ON_4L                      000000FF
_IDLOC0                           00200000
_IDLOC1                           00200001
_IDLOC2                           00200002
_IDLOC3                           00200003
_IDLOC4                           00200004
_IDLOC5                           00200005
_IDLOC6                           00200006
_IDLOC7                           00200007
_IESO_OFF_1H                      0000007F
_IESO_ON_1H                       000000FF
_LPT1OSC_OFF_3H                   000000FB
_LPT1OSC_ON_3H                    000000FF
_LVP_OFF_4L                       000000FB
MPASM 5.65                      LCD_INIT.ASM   12-12-2016  13:35:04         PAGE 22


SYMBOL TABLE
  LABEL                             VALUE 

_LVP_ON_4L                        000000FF
_MCLRE_OFF_3H                     0000007F
_MCLRE_ON_3H                      000000FF
_PBADEN_OFF_3H                    000000FD
_PBADEN_ON_3H                     000000FF
_PLLDIV_10_1L                     000000FE
_PLLDIV_12_1L                     000000FF
_PLLDIV_1_1L                      000000F8
_PLLDIV_2_1L                      000000F9
_PLLDIV_3_1L                      000000FA
_PLLDIV_4_1L                      000000FB
_PLLDIV_5_1L                      000000FC
_PLLDIV_6_1L                      000000FD
_PWRT_OFF_2L                      000000FF
_PWRT_ON_2L                       000000FE
_STVREN_OFF_4L                    000000FE
_STVREN_ON_4L                     000000FF
_USBDIV_1_1L                      000000DF
_USBDIV_2_1L                      000000FF
_VREGEN_OFF_2L                    000000DF
_VREGEN_ON_2L                     000000FF
_WDTPS_1024_2H                    000000F5
_WDTPS_128_2H                     000000EF
_WDTPS_16384_2H                   000000FD
_WDTPS_16_2H                      000000E9
_WDTPS_1_2H                       000000E1
_WDTPS_2048_2H                    000000F7
_WDTPS_256_2H                     000000F1
_WDTPS_2_2H                       000000E3
_WDTPS_32768_2H                   000000FF
_WDTPS_32_2H                      000000EB
_WDTPS_4096_2H                    000000F9
_WDTPS_4_2H                       000000E5
_WDTPS_512_2H                     000000F3
_WDTPS_64_2H                      000000ED
_WDTPS_8192_2H                    000000FB
_WDTPS_8_2H                       000000E7
_WDT_OFF_2H                       000000FE
_WDT_ON_2H                        000000FF
_WRT0_OFF_6L                      000000FF
_WRT0_ON_6L                       000000FE
_WRT1_OFF_6L                      000000FF
_WRT1_ON_6L                       000000FD
_WRT2_OFF_6L                      000000FF
_WRT2_ON_6L                       000000FB
_WRT3_OFF_6L                      000000FF
_WRT3_ON_6L                       000000F7
_WRTB_OFF_6H                      000000FF
_WRTB_ON_6H                       000000BF
_WRTC_OFF_6H                      000000FF
_WRTC_ON_6H                       000000DF
_WRTD_OFF_6H                      000000FF
_WRTD_ON_6H                       0000007F
MPASM 5.65                      LCD_INIT.ASM   12-12-2016  13:35:04         PAGE 23


SYMBOL TABLE
  LABEL                             VALUE 

_XINST_OFF_4L                     000000BF
_XINST_ON_4L                      000000FF
__18F4550                         00000001
retardo100us                      0000018E
retardo100usINICIO                00000192
retardo15ms                       00000136
retardo15msINICIO                 0000013E
retardo40ms                       0000014C
retardo40msINICIO                 00000154
retardo40us                       0000019A
retardo40usINICIO                 0000019E
retardo4_1ms                      00000178
retardo4_1msINICIO                00000180
retardo5ms                        00000162
retardo5msINICIO                  0000016A

Errors   :     0
Warnings :    27 reported,     0 suppressed
Messages :     0 reported,     0 suppressed

