Warning[205] D:\MPLABXPROJECTS\PRACTICAS_CURSO_BASICO\2_LCD_INIT.X\LCD_INIT.ASM 14 : Found directive in column 1. (LIST)
Warning[205] D:\MPLABXPROJECTS\PRACTICAS_CURSO_BASICO\2_LCD_INIT.X\LCD_INIT.ASM 15 : Found directive in column 1. (INCLUDE)
Warning[205] D:\MPLABXPROJECTS\PRACTICAS_CURSO_BASICO\2_LCD_INIT.X\LCD_INIT.ASM 19 : Found directive in column 1. (CONFIG)
Warning[205] D:\MPLABXPROJECTS\PRACTICAS_CURSO_BASICO\2_LCD_INIT.X\LCD_INIT.ASM 20 : Found directive in column 1. (CONFIG)
Warning[205] D:\MPLABXPROJECTS\PRACTICAS_CURSO_BASICO\2_LCD_INIT.X\LCD_INIT.ASM 21 : Found directive in column 1. (CONFIG)
Warning[205] D:\MPLABXPROJECTS\PRACTICAS_CURSO_BASICO\2_LCD_INIT.X\LCD_INIT.ASM 22 : Found directive in column 1. (CONFIG)
Warning[205] D:\MPLABXPROJECTS\PRACTICAS_CURSO_BASICO\2_LCD_INIT.X\LCD_INIT.ASM 23 : Found directive in column 1. (CONFIG)
Warning[205] D:\MPLABXPROJECTS\PRACTICAS_CURSO_BASICO\2_LCD_INIT.X\LCD_INIT.ASM 24 : Found directive in column 1. (CONFIG)
Warning[205] D:\MPLABXPROJECTS\PRACTICAS_CURSO_BASICO\2_LCD_INIT.X\LCD_INIT.ASM 25 : Found directive in column 1. (CONFIG)
Warning[205] D:\MPLABXPROJECTS\PRACTICAS_CURSO_BASICO\2_LCD_INIT.X\LCD_INIT.ASM 26 : Found directive in column 1. (CONFIG)
Warning[205] D:\MPLABXPROJECTS\PRACTICAS_CURSO_BASICO\2_LCD_INIT.X\LCD_INIT.ASM 27 : Found directive in column 1. (CONFIG)
Warning[205] D:\MPLABXPROJECTS\PRACTICAS_CURSO_BASICO\2_LCD_INIT.X\LCD_INIT.ASM 34 : Found directive in column 1. (CBLOCK)
Warning[205] D:\MPLABXPROJECTS\PRACTICAS_CURSO_BASICO\2_LCD_INIT.X\LCD_INIT.ASM 37 : Found directive in column 1. (ENDC)
Warning[205] D:\MPLABXPROJECTS\PRACTICAS_CURSO_BASICO\2_LCD_INIT.X\LCD_INIT.ASM 40 : Found directive in column 1. (ORG)
Warning[207] D:\MPLABXPROJECTS\PRACTICAS_CURSO_BASICO\2_LCD_INIT.X\LCD_INIT.ASM 202 : Found label after column 1. (BUCLE)
Warning[207] D:\MPLABXPROJECTS\PRACTICAS_CURSO_BASICO\2_LCD_INIT.X\LCD_INIT.ASM 206 : Found label after column 1. (retardo15ms)
Warning[207] D:\MPLABXPROJECTS\PRACTICAS_CURSO_BASICO\2_LCD_INIT.X\LCD_INIT.ASM 211 : Found label after column 1. (retardo15msINICIO)
Warning[207] D:\MPLABXPROJECTS\PRACTICAS_CURSO_BASICO\2_LCD_INIT.X\LCD_INIT.ASM 218 : Found label after column 1. (retardo40ms)
Warning[207] D:\MPLABXPROJECTS\PRACTICAS_CURSO_BASICO\2_LCD_INIT.X\LCD_INIT.ASM 223 : Found label after column 1. (retardo40msINICIO)
Warning[207] D:\MPLABXPROJECTS\PRACTICAS_CURSO_BASICO\2_LCD_INIT.X\LCD_INIT.ASM 230 : Found label after column 1. (retardo5ms)
Warning[207] D:\MPLABXPROJECTS\PRACTICAS_CURSO_BASICO\2_LCD_INIT.X\LCD_INIT.ASM 235 : Found label after column 1. (retardo5msINICIO)
Warning[207] D:\MPLABXPROJECTS\PRACTICAS_CURSO_BASICO\2_LCD_INIT.X\LCD_INIT.ASM 242 : Found label after column 1. (retardo4_1ms)
Warning[207] D:\MPLABXPROJECTS\PRACTICAS_CURSO_BASICO\2_LCD_INIT.X\LCD_INIT.ASM 247 : Found label after column 1. (retardo4_1msINICIO)
Warning[207] D:\MPLABXPROJECTS\PRACTICAS_CURSO_BASICO\2_LCD_INIT.X\LCD_INIT.ASM 254 : Found label after column 1. (retardo100us)
Warning[207] D:\MPLABXPROJECTS\PRACTICAS_CURSO_BASICO\2_LCD_INIT.X\LCD_INIT.ASM 257 : Found label after column 1. (retardo100usINICIO)
Warning[207] D:\MPLABXPROJECTS\PRACTICAS_CURSO_BASICO\2_LCD_INIT.X\LCD_INIT.ASM 262 : Found label after column 1. (retardo40us)
Warning[207] D:\MPLABXPROJECTS\PRACTICAS_CURSO_BASICO\2_LCD_INIT.X\LCD_INIT.ASM 265 : Found label after column 1. (retardo40usINICIO)
